# JRE version: OpenJDK Runtime Environment (11.0.3+12) (build 11.0.3+12-b304.39)
# Java VM: OpenJDK 64-Bit Server VM (11.0.3+12-b304.39, mixed mode, tiered, compressed oops, concurrent mark sweep gc, linux-amd64)
Heap:
 par new generation   total 153344K, used 58780K [0x00000000d1200000, 0x00000000db860000, 0x00000000db860000)
  eden space 136320K,  40% used [0x00000000d1200000, 0x00000000d474dba0, 0x00000000d9720000)
  from space 17024K,  24% used [0x00000000d9720000, 0x00000000d9b39680, 0x00000000da7c0000)
  to   space 17024K,   0% used [0x00000000da7c0000, 0x00000000da7c0000, 0x00000000db860000)
 concurrent mark-sweep generation total 576772K, used 349819K [0x00000000db860000, 0x00000000feba1000, 0x0000000100000000)
 Metaspace       used 301523K, capacity 311208K, committed 311552K, reserved 1323008K
  class space    used 34734K, capacity 38458K, committed 38568K, reserved 1048576K
GC Heap History (10 events):
Event: 58074.011 GC heap before
{Heap before GC invocations=3913 (full 28):
 par new generation   total 153344K, used 142919K [0x00000000d1200000, 0x00000000db860000, 0x00000000db860000)
  eden space 136320K, 100% used [0x00000000d1200000, 0x00000000d9720000, 0x00000000d9720000)
  from space 17024K,  38% used [0x00000000da7c0000, 0x00000000dae31c30, 0x00000000db860000)
  to   space 17024K,   0% used [0x00000000d9720000, 0x00000000d9720000, 0x00000000da7c0000)
 concurrent mark-sweep generation total 576772K, used 349451K [0x00000000db860000, 0x00000000feba1000, 0x0000000100000000)
 Metaspace       used 301220K, capacity 310920K, committed 311168K, reserved 1323008K
  class space    used 34703K, capacity 38432K, committed 38440K, reserved 1048576K
}
Event: 58074.020 GC heap after
{Heap after GC invocations=3914 (full 28):
 par new generation   total 153344K, used 1892K [0x00000000d1200000, 0x00000000db860000, 0x00000000db860000)
  eden space 136320K,   0% used [0x00000000d1200000, 0x00000000d1200000, 0x00000000d9720000)
  from space 17024K,  11% used [0x00000000d9720000, 0x00000000d98f9100, 0x00000000da7c0000)
  to   space 17024K,   0% used [0x00000000da7c0000, 0x00000000da7c0000, 0x00000000db860000)
 concurrent mark-sweep generation total 576772K, used 349593K [0x00000000db860000, 0x00000000feba1000, 0x0000000100000000)
 Metaspace       used 301220K, capacity 310920K, committed 311168K, reserved 1323008K
  class space    used 34703K, capacity 38432K, committed 38440K, reserved 1048576K
}
Event: 58220.151 GC heap before
{Heap before GC invocations=3914 (full 28):
 par new generation   total 153344K, used 138212K [0x00000000d1200000, 0x00000000db860000, 0x00000000db860000)
  eden space 136320K, 100% used [0x00000000d1200000, 0x00000000d9720000, 0x00000000d9720000)
  from space 17024K,  11% used [0x00000000d9720000, 0x00000000d98f9100, 0x00000000da7c0000)
  to   space 17024K,   0% used [0x00000000da7c0000, 0x00000000da7c0000, 0x00000000db860000)
 concurrent mark-sweep generation total 576772K, used 349593K [0x00000000db860000, 0x00000000feba1000, 0x0000000100000000)
 Metaspace       used 301258K, capacity 310957K, committed 311296K, reserved 1323008K
  class space    used 34707K, capacity 38441K, committed 38568K, reserved 1048576K
}
Event: 58220.161 GC heap after
{Heap after GC invocations=3915 (full 28):
 par new generation   total 153344K, used 1663K [0x00000000d1200000, 0x00000000db860000, 0x00000000db860000)
  eden space 136320K,   0% used [0x00000000d1200000, 0x00000000d1200000, 0x00000000d9720000)
  from space 17024K,   9% used [0x00000000da7c0000, 0x00000000da95fe30, 0x00000000db860000)
  to   space 17024K,   0% used [0x00000000d9720000, 0x00000000d9720000, 0x00000000da7c0000)
 concurrent mark-sweep generation total 576772K, used 349653K [0x00000000db860000, 0x00000000feba1000, 0x0000000100000000)
 Metaspace       used 301258K, capacity 310957K, committed 311296K, reserved 1323008K
  class space    used 34707K, capacity 38441K, committed 38568K, reserved 1048576K
}
Event: 58242.985 GC heap before
{Heap before GC invocations=3915 (full 28):
 par new generation   total 153344K, used 137983K [0x00000000d1200000, 0x00000000db860000, 0x00000000db860000)
  eden space 136320K, 100% used [0x00000000d1200000, 0x00000000d9720000, 0x00000000d9720000)
  from space 17024K,   9% used [0x00000000da7c0000, 0x00000000da95fe30, 0x00000000db860000)
  to   space 17024K,   0% used [0x00000000d9720000, 0x00000000d9720000, 0x00000000da7c0000)
 concurrent mark-sweep generation total 576772K, used 349653K [0x00000000db860000, 0x00000000feba1000, 0x0000000100000000)
 Metaspace       used 301261K, capacity 310957K, committed 311296K, reserved 1323008K
  class space    used 34707K, capacity 38441K, committed 38568K, reserved 1048576K
}
Event: 58242.996 GC heap after
{Heap after GC invocations=3916 (full 28):
 par new generation   total 153344K, used 4858K [0x00000000d1200000, 0x00000000db860000, 0x00000000db860000)
  eden space 136320K,   0% used [0x00000000d1200000, 0x00000000d1200000, 0x00000000d9720000)
  from space 17024K,  28% used [0x00000000d9720000, 0x00000000d9bde9f8, 0x00000000da7c0000)
  to   space 17024K,   0% used [0x00000000da7c0000, 0x00000000da7c0000, 0x00000000db860000)
 concurrent mark-sweep generation total 576772K, used 349691K [0x00000000db860000, 0x00000000feba1000, 0x0000000100000000)
 Metaspace       used 301261K, capacity 310957K, committed 311296K, reserved 1323008K
  class space    used 34707K, capacity 38441K, committed 38568K, reserved 1048576K
}
Event: 58289.627 GC heap before
{Heap before GC invocations=3916 (full 28):
 par new generation   total 153344K, used 136448K [0x00000000d1200000, 0x00000000db860000, 0x00000000db860000)
  eden space 136320K,  96% used [0x00000000d1200000, 0x00000000d92816a0, 0x00000000d9720000)
  from space 17024K,  28% used [0x00000000d9720000, 0x00000000d9bde9f8, 0x00000000da7c0000)
  to   space 17024K,   0% used [0x00000000da7c0000, 0x00000000da7c0000, 0x00000000db860000)
 concurrent mark-sweep generation total 576772K, used 349691K [0x00000000db860000, 0x00000000feba1000, 0x0000000100000000)
 Metaspace       used 301268K, capacity 311025K, committed 311296K, reserved 1323008K
  class space    used 34708K, capacity 38442K, committed 38568K, reserved 1048576K
}
Event: 58289.637 GC heap after
{Heap after GC invocations=3917 (full 28):
 par new generation   total 153344K, used 5486K [0x00000000d1200000, 0x00000000db860000, 0x00000000db860000)
  eden space 136320K,   0% used [0x00000000d1200000, 0x00000000d1200000, 0x00000000d9720000)
  from space 17024K,  32% used [0x00000000da7c0000, 0x00000000dad1b860, 0x00000000db860000)
  to   space 17024K,   0% used [0x00000000d9720000, 0x00000000d9720000, 0x00000000da7c0000)
 concurrent mark-sweep generation total 576772K, used 349736K [0x00000000db860000, 0x00000000feba1000, 0x0000000100000000)
 Metaspace       used 301268K, capacity 311025K, committed 311296K, reserved 1323008K
  class space    used 34708K, capacity 38442K, committed 38568K, reserved 1048576K
}
Event: 58390.377 GC heap before
{Heap before GC invocations=3917 (full 28):
 par new generation   total 153344K, used 141586K [0x00000000d1200000, 0x00000000db860000, 0x00000000db860000)
  eden space 136320K,  99% used [0x00000000d1200000, 0x00000000d96e9288, 0x00000000d9720000)
  from space 17024K,  32% used [0x00000000da7c0000, 0x00000000dad1b860, 0x00000000db860000)
  to   space 17024K,   0% used [0x00000000d9720000, 0x00000000d9720000, 0x00000000da7c0000)
 concurrent mark-sweep generation total 576772K, used 349736K [0x00000000db860000, 0x00000000feba1000, 0x0000000100000000)
 Metaspace       used 301282K, capacity 311027K, committed 311296K, reserved 1323008K
  class space    used 34708K, capacity 38442K, committed 38568K, reserved 1048576K
}
Event: 58390.386 GC heap after
{Heap after GC invocations=3918 (full 28):
 par new generation   total 153344K, used 4197K [0x00000000d1200000, 0x00000000db860000, 0x00000000db860000)
  eden space 136320K,   0% used [0x00000000d1200000, 0x00000000d1200000, 0x00000000d9720000)
  from space 17024K,  24% used [0x00000000d9720000, 0x00000000d9b39680, 0x00000000da7c0000)
  to   space 17024K,   0% used [0x00000000da7c0000, 0x00000000da7c0000, 0x00000000db860000)
 concurrent mark-sweep generation total 576772K, used 349819K [0x00000000db860000, 0x00000000feba1000, 0x0000000100000000)
 Metaspace       used 301282K, capacity 311027K, committed 311296K, reserved 1323008K
  class space    used 34708K, capacity 38442K, committed 38568K, reserved 1048576K
}

